#
# There is insufficient memory for the Java Runtime Environment to continue.
# Native memory allocation (malloc) failed to allocate 1048576 bytes for AllocateHeap
# Possible reasons:
#   The system is out of physical RAM or swap space
#   The process is running with CompressedOops enabled, and the Java Heap may be blocking the growth of the native heap
# Possible solutions:
#   Reduce memory load on the system
#   Increase physical memory or swap space
#   Check if swap backing store is full
#   Decrease Java heap size (-Xmx/-Xms)
#   Decrease number of Java threads
#   Decrease Java thread stack sizes (-Xss)
#   Set larger code cache with -XX:ReservedCodeCacheSize=
#   JVM is running with Unscaled Compressed Oops mode in which the Java heap is
#     placed in the first 4GB address space. The Java Heap base address is the
#     maximum limit for the native heap growth. Please use -XX:HeapBaseMinAddress
#     to set the Java Heap base and to place the Java Heap above 4GB virtual address.
# This output file may be truncated or incomplete.
#
#  Out of Memory Error (memory/allocation.inline.hpp:61), pid=13924, tid=0x00000000000033ac
#
# JRE version:  (8.0_251-b08) (build )
# Java VM: Java HotSpot(TM) 64-Bit Server VM (25.251-b08 mixed mode windows-amd64 compressed oops)
# Failed to write core dump. Minidumps are not enabled by default on client versions of Windows
#

---------------  T H R E A D  ---------------

Current thread (0x00000000007fd800):  JavaThread "Unknown thread" [_thread_in_vm, id=13228, stack(0x00000000027d0000,0x00000000028d0000)]

Stack: [0x00000000027d0000,0x00000000028d0000]
[error occurred during error reporting (printing stack bounds), id 0xc0000005]

Native frames: (J=compiled Java code, j=interpreted, Vv=VM code, C=native code)


---------------  P R O C E S S  ---------------

Java Threads: ( => current thread )

Other Threads:

=>0x00000000007fd800 (exited) JavaThread "Unknown thread" [_thread_in_vm, id=13228, stack(0x00000000027d0000,0x00000000028d0000)]

VM state:not at safepoint (normal execution)

VM Mutex/Monitor currently owned by a thread: None

heap address: 0x0000000082000000, size: 2016 MB, Compressed Oops mode: 32-bit
Narrow klass base: 0x0000000000000000, Narrow klass shift: 3
Compressed class space size: 1073741824 Address: 0x0000000100000000

Heap:
 PSYoungGen      total 37888K, used 655K [0x00000000d6000000, 0x00000000d8a00000, 0x0000000100000000)
  eden space 32768K, 2% used [0x00000000d6000000,0x00000000d60a3d80,0x00000000d8000000)
  from space 5120K, 0% used [0x00000000d8500000,0x00000000d8500000,0x00000000d8a00000)
  to   space 5120K, 0% used [0x00000000d8000000,0x00000000d8000000,0x00000000d8500000)
 ParOldGen       total 86016K, used 0K [0x0000000082000000, 0x0000000087400000, 0x00000000d6000000)
  object space 86016K, 0% used [0x0000000082000000,0x0000000082000000,0x0000000087400000)
 Metaspace       used 752K, capacity 4480K, committed 4480K, reserved 1056768K
  class space    used 76K, capacity 384K, committed 384K, reserved 1048576K

Card table byte_map: [0x0000000011e40000,0x0000000012240000] byte_map_base: 0x0000000011a30000

Marking Bits: (ParMarkBitMap*) 0x000000007486af90
 Begin Bits: [0x00000000128e0000, 0x0000000014860000)
 End Bits:   [0x0000000014860000, 0x00000000167e0000)

Polling page: 0x00000000007e0000

CodeCache: size=245760Kb used=328Kb max_used=328Kb free=245431Kb
 bounds [0x0000000002a80000, 0x0000000002cf0000, 0x0000000011a80000]
 total_blobs=58 nmethods=0 adapters=38
 compilation: enabled

Compilation events (0 events):
No events

GC Heap History (0 events):
No events

Deoptimization events (0 events):
No events

Classes redefined (0 events):
No events

Internal exceptions (0 events):
No events

Events (10 events):
Event: 0.037 loading class java/lang/Short
Event: 0.037 loading class java/lang/Short done
Event: 0.037 loading class java/lang/Integer
Event: 0.037 loading class java/lang/Integer done
Event: 0.037 loading class java/lang/Long
Event: 0.037 loading class java/lang/Long done
Event: 0.038 loading class java/lang/NullPointerException
Event: 0.038 loading class java/lang/NullPointerException done
Event: 0.038 loading class java/lang/ArithmeticException
Event: 0.038 loading class java/lang/ArithmeticException done


Dynamic libraries:
0x00007ff746b40000 - 0x00007ff746b77000 	C:\Program Files\Java\jre1.8.0_251\bin\javaw.exe
0x00007ffa51c60000 - 0x00007ffa51e50000 	C:\WINDOWS\SYSTEM32\ntdll.dll
0x00007ffa4fd40000 - 0x00007ffa4fdf2000 	C:\WINDOWS\System32\KERNEL32.DLL
0x00007ffa4f590000 - 0x00007ffa4f834000 	C:\WINDOWS\System32\KERNELBASE.dll
0x00007ffa4cde0000 - 0x00007ffa4ce6f000 	C:\WINDOWS\SYSTEM32\apphelp.dll
0x00007ffa50590000 - 0x00007ffa50633000 	C:\WINDOWS\System32\ADVAPI32.dll
0x00007ffa51270000 - 0x00007ffa5130e000 	C:\WINDOWS\System32\msvcrt.dll
0x00007ffa50380000 - 0x00007ffa50417000 	C:\WINDOWS\System32\sechost.dll
0x00007ffa50470000 - 0x00007ffa50590000 	C:\WINDOWS\System32\RPCRT4.dll
0x00007ffa501e0000 - 0x00007ffa50374000 	C:\WINDOWS\System32\USER32.dll
0x00007ffa4f4c0000 - 0x00007ffa4f4e1000 	C:\WINDOWS\System32\win32u.dll
0x00007ffa4fd10000 - 0x00007ffa4fd36000 	C:\WINDOWS\System32\GDI32.dll
0x00007ffa4f8f0000 - 0x00007ffa4fa85000 	C:\WINDOWS\System32\gdi32full.dll
0x00007ffa4f4f0000 - 0x00007ffa4f58e000 	C:\WINDOWS\System32\msvcp_win.dll
0x00007ffa4ec40000 - 0x00007ffa4ed3a000 	C:\WINDOWS\System32\ucrtbase.dll
0x00007ffa3e220000 - 0x00007ffa3e4a4000 	C:\WINDOWS\WinSxS\amd64_microsoft.windows.common-controls_6595b64144ccf1df_6.0.18362.900_none_e6beb9d913147d17\COMCTL32.dll
0x00007ffa50f30000 - 0x00007ffa51265000 	C:\WINDOWS\System32\combase.dll
0x00007ffa4f840000 - 0x00007ffa4f8c0000 	C:\WINDOWS\System32\bcryptPrimitives.dll
0x00007ffa50420000 - 0x00007ffa5044e000 	C:\WINDOWS\System32\IMM32.DLL
0x0000000073ac0000 - 0x0000000073b92000 	C:\Program Files\Java\jre1.8.0_251\bin\msvcr100.dll
0x0000000074040000 - 0x00000000748eb000 	C:\Program Files\Java\jre1.8.0_251\bin\server\jvm.dll
0x00007ffa51bb0000 - 0x00007ffa51bb8000 	C:\WINDOWS\System32\PSAPI.DLL
0x00007ffa484e0000 - 0x00007ffa484ea000 	C:\WINDOWS\SYSTEM32\VERSION.dll
0x00007ffa4b5a0000 - 0x00007ffa4b5a9000 	C:\WINDOWS\SYSTEM32\WSOCK32.dll
0x00007ffa508b0000 - 0x00007ffa5091f000 	C:\WINDOWS\System32\WS2_32.dll
0x00007ffa4cb60000 - 0x00007ffa4cb84000 	C:\WINDOWS\SYSTEM32\WINMM.dll
0x00007ffa4cb30000 - 0x00007ffa4cb5d000 	C:\WINDOWS\SYSTEM32\WINMMBASE.dll
0x00007ffa4ebf0000 - 0x00007ffa4ec3a000 	C:\WINDOWS\System32\cfgmgr32.dll
0x00007ffa4a840000 - 0x00007ffa4a84f000 	C:\Program Files\Java\jre1.8.0_251\bin\verify.dll
0x00007ffa27470000 - 0x00007ffa27499000 	C:\Program Files\Java\jre1.8.0_251\bin\java.dll
0x00007ffa3cde0000 - 0x00007ffa3cdf6000 	C:\Program Files\Java\jre1.8.0_251\bin\zip.dll

VM Arguments:
jvm_args: -Dfile.encoding=Cp1252 
java_command: com.flipkart.client.UserClient
java_class_path (initial): C:\Users\Acer\workspace\mars\Flipkart-SMS\bin;H:\chinu\logging-log4j-1.2.11\dist\lib\log4j-1.2.11.jar;H:\chinu\mysql-connector-java-8.0.19\mysql-connector-java-8.0.19.jar
Launcher Type: SUN_STANDARD

Environment Variables:
JAVA_HOME=C:\Program Files\Java\jdk1.8.0_251
PATH=C:/Program Files/Java/jre1.8.0_251/bin/server;C:/Program Files/Java/jre1.8.0_251/bin;C:/Program Files/Java/jre1.8.0_251/lib/amd64;C:\Program Files (x86)\Common Files\Oracle\Java\javapath;C:\WINDOWS\system32;C:\WINDOWS;C:\WINDOWS\System32\Wbem;C:\WINDOWS\System32\WindowsPowerShell\v1.0\;C:\Program Files\Git\cmd;C:\WINDOWS\System32\OpenSSH\;C:\Program Files\Java\jdk1.8.0_251\bin;C:\Program Files\MySQL\MySQL Shell 8.0\bin\;C:\Users\Acer\AppData\Local\Microsoft\WindowsApps;C:\Program Files\JetBrains\IntelliJ IDEA Community Edition 2020.1.1\bin;;C:\Program Files\Java\jdk1.8.0_251\lib;C:\Program Files\Java\jdk1.8.0_251\bin;;H:\chinu\JERSEY\ee eclipse\eclipse;
USERNAME=Acer
OS=Windows_NT
PROCESSOR_IDENTIFIER=Intel64 Family 6 Model 142 Stepping 9, GenuineIntel



---------------  S Y S T E M  ---------------

OS: Windows 10.0 , 64 bit Build 18362 (10.0.18362.900)

CPU:total 4 (initial active 4) (2 cores per cpu, 2 threads per core) family 6 model 142 stepping 9, cmov, cx8, fxsr, mmx, sse, sse2, sse3, ssse3, sse4.1, sse4.2, popcnt, avx, avx2, aes, clmul, erms, 3dnowpref, lzcnt, ht, tsc, tscinvbit, bmi1, bmi2, adx

Memory: 4k page, physical 8253668k(1437240k free), swap 20989664k(5932k free)

vm_info: Java HotSpot(TM) 64-Bit Server VM (25.251-b08) for windows-amd64 JRE (1.8.0_251-b08), built on Mar 12 2020 06:31:49 by "" with MS VC++ 10.0 (VS2010)

time: Thu Jun 18 04:15:39 2020
timezone: India Standard Time
elapsed time: 0 seconds (0d 0h 0m 0s)

